<?xml version="1.0" encoding="UTF-8"?>
<testng-results ignored="0" total="1" passed="1" failed="0" skipped="0">
  <reporter-output>
  </reporter-output>
  <suite started-at="2025-11-26T15:41:25 GMT+03:00" name="Default suite" finished-at="2025-11-26T15:41:46 GMT+03:00" duration-ms="20911">
    <groups>
    </groups>
    <test started-at="2025-11-26T15:41:25 GMT+03:00" name="Default test" finished-at="2025-11-26T15:41:46 GMT+03:00" duration-ms="20911">
      <class name="createAccount.Locators">
        <test-method signature="locatorsDemo()[pri:0, instance:createAccount.Locators@5f058f00]" started-at="2025-11-26T15:41:25 GMT+03:00" name="locatorsDemo" finished-at="2025-11-26T15:41:46 GMT+03:00" duration-ms="20819" status="PASS">
          <reporter-output>
          </reporter-output>
        </test-method> <!-- locatorsDemo -->
      </class> <!-- createAccount.Locators -->
    </test> <!-- Default test -->
  </suite> <!-- Default suite -->
</testng-results>
